# Basic includes file lists
%include .///pk-core.lst
%include .///pk-iso.lst
%include .///pk-control.lst
%include .///pk-drivers.lst
%include .///pk-ppp.lst
%include .///pk-utils.lst

# More includes lists for common sets that are not task/meta pkgs
%include .///pk-fonts.lst
%include .///pk-gstreamer.lst
%include .///pk-locales.lst
%include .///pk-pulseaudio.lst
#%include .///pk-man-pages.lst
#%include .///pk-libreoffice.lst
#%include .///pk-calligra.lst
#%include .///pk-firefox.lst
#%include .///pk-vlc.lst

# Desktop Specifics
cinnamon
cinnamon-desktop
cinnamon-menus
cinnamon-session
cinnamon-control-center
cinnamon-screensaver
cinnamon-translations
cinnamon-settings-daemon
cjs
muffin
nemo
json-glib
gnome-terminal
gsettings-desktop-schemas
dbus-x11
polkit-gnome
dconf
gnome-keyring
networkmanager-applet
python-tinycss
eog

# Needed Task/Meta Packages
task-pulseaudio
#task-printing
#task-printing-scanning
#hplip-gui
#system-config-printer-gui

# Keep to check
#x11-font-cyrillic
x11-server-xorg
x11-tools
#x11-docs
x11-font-type1
x11-font-misc
x11-data-cursor-themes
edidbins

# MD this entire list should be shuffled or justified to be needed for the full ISO
avahi #service
#firewall-applet #service
networkmanager-applet
atk1.0-common #gtk dep
canberra-gtk #gtk dep
gamin #gtk dep
GConf2 #gtk dep
gtk2-modules #gtk dep
gvfs
gvfs-archive #gtk dep
gvfs-fuse #gtk dep
gvfs-gphoto2 #gtk dep
gvfs-smb #gtk dep
pango #gtk dep

# Support for talking to wrongPhone/wrongPad
#usbmuxd

# Miscelaneous Packages
enchant
#ffmpeg
#jasper
#nss
#nss_ldap
#nss_mdns
#nss_wins
#openssl
#pam_ldap
#poppler-data
#sasl-plug-gssapi
sddm
sddm-theme-breeze
breeze-gtk
#openssh-server #server
#samba-server #server

#python deps?
#python-ldap
#python-notify
#python-OpenSSL
#python-pycrypto
#python-sip
#pyxdg

# Special OM featured software
oma-welcome
om-repo-picker
om-control-center
om-user-manager
om-mirror-selector
