# Basic includes file lists
%include .///omdv_core.lst
%include .///omdv_iso.lst
%include .///omdv_control.lst
%include .///omdv_drivers.lst
%include .///omdv_ppp.lst
%include .///omdv_utils.lst

# More includes lists for common sets that are not task/meta pkgs
%include .///omdv_firefox.lst
%include .///omdv_fonts.lst
%include .///omdv_gstreamer.lst
#%include .///omdv_libreoffice.lst
%include .///omdv_locales.lst
#%include .///omdv_man-pages.lst
%include .///omdv_pulseaudio.lst
#%include .///omdv_vlc.lst

# Desktop Specifics
task-xfce
task-xfce-minimal
#task-xfce-plugins
#eatmonkey
gigolo
#midori
orage
parole
#squeeze
xarchiver
ristretto
#viewnior
thunar-archive-plugin
thunar-media-tags-plugin
thunar-shares-plugin
#thunar-svn-plugin
#thunar-vcs-plugin
thunar-thumbnailers
tumbler
xfbib
xfburn
xfmpc
#xfprint
#fswitch-plugin
#xfce4-artwork
xfce4-appfinder
xfce4-screenshooter
xfce-polkit
thunar
xfce4-appfinder
xfce4-notifyd
xfce4-panel
xfce4-screenshooter
xfce4-session
xfce4-settings
xfce4-taskmanager
xfce4-terminal
xfce4-whiskermenu-plugin
xfdesktop
xfwm4

# xfce is missing email client.
# We can choose betwen Thunderbird powerfully based on gtk or Claws-mail
# Pick right now claws-mail due to less resources and better theme integration with xfce4
claws-mail

# Plugins
xfce4-battery-plugin
xfce4-calculator-plugin
xfce4-clipman-plugin
xfce4-cpufreq-plugin
xfce4-cpugraph-plugin
xfce4-datetime-plugin
xfce4-diskperf-plugin
xfce4-eyes-plugin
xfce4-fsguard-plugin
xfce4-genmon-plugin
xfce4-mailwatch-plugin
xfce4-mount-plugin
xfce4-mpc-plugin
xfce4-netload-plugin
xfce4-notes-plugin
xfce4-places-plugin
xfce4-pulseaudio-plugin
xfce4-sensors-plugin
xfce4-smartbookmark-plugin
xfce4-statusnotifier-plugin
xfce4-systemload-plugin
xfce4-time-out-plugin
xfce4-timer-plugin
xfce4-verve-plugin
xfce4-wavelan-plugin
xfce4-weather-plugin
xfce4-whiskermenu-plugin
xfce4-xkb-plugin

# Needed Task/Meta Packages
task-pulseaudio

#task-printing
# printing
task-printing-scanning
system-config-printer-gui #printer
sane

# keep to check
#x11-font-cyrillic
x11-server-xorg
x11-tools
#x11-docs
x11-font-type1
x11-font-misc
x11-data-cursor-themes
edidbins

# MD this entire list should be shuffled or justified to be needed for the full ISO

avahi #service
#firewall-applet #service
networkmanager-applet

adwaita-icon-theme
atk1.0-common #gtk dep
canberra-gtk #gtk dep
gamin #gtk dep
GConf2 #gtk dep
gtk2-modules #gtk dep
#gtk-xfce-engine
gvfs
gvfs-archive #gtk dep
gvfs-fuse #gtk dep
gvfs-gphoto2 #gtk dep
gvfs-smb #gtk dep
#ia_ora-gnome #gtk dep
pango #gtk dep
lightdm
lightdm-gtk3-greeter
lightdm-gtk-greeter-common

# Support for talking to wrongPhone/wrongPad
#usbmuxd

# Miscelaneous Packages
#enchant
ffmpeg
#jasper
nss
nss_ldap
nss_mdns
#nss_wins
openssl
#pam_ldap
#poppler-data
#sasl-plug-gssapi
sddm
breeze-gtk

#openssh-server #server
#samba-server #server

#python deps?
#python-ldap
#python-notify
#python-OpenSSL
#python-pycrypto
#python-sip
#pyxdg

# OM special featured software
#oma-welcome
om-repo-picker
#om-control-center
