%include .///omdv_task-x11.lst
%include .///omdv-pulseaudio.lst

ark
baloo5
breeze
breeze-icons
dbus-x11
desktop-common-data
dolphin
falkon
frameworkintegration
kate
kdeclarative
kde-cli-tools
kded
kde-gtk-config
kdeplasma-addons
khotkeys
kinfocenter
kinit
kio-extras
kmenuedit
konsole
konsole
kscreen5
kscreenlocker
kservice
ksshaskpass
ksysguard
kwalletmanager
kwin-x11
kwrited
libproxy-kde
libproxy-networkmanager
milou
oxygen-sounds
phonon4qt5-backend
pinentry-qt5
plasma-browser-integration
plasma-desktop
plasma-framework
plasma-integration
plasma-nm
plasma-pa
plasma-vault
plasma-workspace
polkit-kde-agent-1
powerdevil
solid
systemsettings
xdg-desktop-portal-kde
xsettings-kde
