# basic includes file lists
%include .///omdv_core.lst
%include .///omdv_iso.lst
%include .///omdv_control.lst
%include .///omdv_drivers.lst
%include .///omdv_ppp.lst
%include .///omdv_utils.lst

# more includes lists for common sets that are not task/meta pkgs
%include .///omdv_firefox.lst
%include .///omdv_fonts.lst
%include .///omdv_gstreamer.lst
%include .///omdv_krita.lst
%include .///omdv_libreoffice.lst
%include .///omdv_locales.lst
%include .///omdv_man-pages.lst
%include .///omdv_myspell.lst
%include .///omdv_pulseaudio.lst
%include .///omdv_vlc.lst
%include .///omdv_smplayer.lst

# Desktop Specifics
# task-plasma need fixing also - crazy
task-plasma 
phonon4qt5-gstreamer
rosa-imagewriter
quick-usb-formatter
# digikam and kipi-plugins
kipi-plugins-advancedslideshow
kipi-plugins-calendar
kipi-plugins-dropbox
# kipi-plugins-expoblending  disable it as it needs wxgtk3.0
kipi-plugins-facebook
kipi-plugins-flashexport
kipi-plugins-flickr
kipi-plugins-googleservices
kipi-plugins-imageshack
kipi-plugins-imageviewer
kipi-plugins-imgurexport
kipi-plugins-kmlexport
# kipi-plugins-panorama disable it as it needs wxgtk3.0
kipi-plugins-piwigoexport
kipi-plugins-printimages
kipi-plugins-rajceexport
kipi-plugins-remotestorage
kipi-plugins-sendimages
kipi-plugins-smug
kipi-plugins-yandexfotki
showfoto

# Needed Task/Meta Packages
task-pulseaudio

task-printing
# printing
task-printing-scanning
hplip-gui #printer
system-config-printer-gui #printer

x11-font-cyrillic
# keep to check
x11-server-xorg
x11-compose-cache
x11-tools
x11-docs
x11-font-type1
x11-font-misc
x11-data-cursor-themes
edidbins

# MD this entire list should be shuffled or justified to be needed for the full ISO

avahi #service
# FIXME: replace with https://github.com/nomad-desktop/nomad-firewall
firewall-applet #service

# Support for talking to wrongPhone/wrongPad
usbmuxd

# Miscelaneous Packages
enchant
ffmpeg
jasper
nss
nss_ldap
nss_mdns
nss_wins
openssl
pam_ldap
poppler-data
sasl-plug-gssapi
## hmm these need be pulled from elsewhere
openssh-server #server
samba-server #server

# special featured software
oma-welcome

#packagekit
packagekit-gstreamer-plugin
packagekit-command-not-found

  
