# basic includes file lists
%include .///omdv_core.lst
%include .///omdv_iso.lst
%include .///omdv_control.lst
%include .///omdv_drivers.lst
%include .///omdv_ppp.lst
%include .///omdv_utils.lst

# more includes lists for common sets that are not task/meta pkgs
%include .///omdv_firefox.lst
%include .///omdv_fonts.lst
%include .///omdv_gstreamer.lst
%include .///omdv_libreoffice.lst
%include .///omdv_locales.lst
%include .///omdv_man-pages.lst
%include .///omdv_pulseaudio.lst
%include .///omdv_vlc.lst
%include .///omdv_smplayer.lst

# Desktop Specifics
task-kde4
%include .///omdv_kde4_apps.lst
plasma-nm

# Needed Task/Meta Packages
task-pulseaudio

task-printing
# printing
task-printing-scanning
hplip-gui #printer
system-config-printer-gui #printer

x11-font-cyrillic
# crisb - 100dpi fonts make some apps (qupzilla for example) have really ugly fonts
# xorg-x11-100dpi-fonts
# keep to check
x11-server-xorg
x11-compose-cache
x11-tools
x11-font-type1
x11-font-misc
x11-data-cursor-themes
edidbins

# MD this entire list should be shuffled or justified to be needed for the full ISO

avahi #service
cagibi #service
firewall-applet #service
jackit #service

atk1.0-common #gtk dep
canberra-gtk #gtk dep
gamin #gtk dep
GConf2 #gtk dep
gtk2-modules #gtk dep
gtk-engines2 #gtk dep
gtk-qt-engine #gtk dep
gvfs-archive #gtk dep
gvfs-fuse #gtk dep
gvfs-gphoto2 #gtk dep
gvfs-smb #gtk dep
ia_ora-gnome #gtk dep
notification-daemon #dubious virt req
pango #gtk dep

# Support for talking to wrongPhone/wrongPad
usbmuxd

# Miscelaneous Packages
enchant
ffmpeg
jasper
nss
nss_ldap
nss_mdns
nss_tcb
nss_wins
openssl
pam_ldap
poppler-data
sasl-plug-gssapi

openssh-server #server
samba-server #server

#python deps?
#python-ldap
#python-notify
#python-OpenSSL
#python-pycrypto
python-sip
pyxdg

# special featured software
oma-welcome
