libreoffice-calc
libreoffice-common
libreoffice-draw
libreoffice-impress
libreoffice-math
libreoffice-style-oxygen
libreoffice-writer

libreoffice-l10n-ja
libreoffice-help-ja
libreoffice-l10n-ko
libreoffice-help-ko
libreoffice-l10n-nb
libreoffice-help-nb
libreoffice-l10n-nn
libreoffice-help-nn
libreoffice-l10n-pl
libreoffice-help-pl
libreoffice-l10n-pt_BR
libreoffice-help-pt_BR
libreoffice-l10n-ru
libreoffice-help-ru
libreoffice-l10n-de
libreoffice-help-ru
libreoffice-l10n-en_GB
libreoffice-help-en_GB
libreoffice-help-en_US
libreoffice-l10n-es
libreoffice-help-es
libreoffice-l10n-fr
libreoffice-help-fr
libreoffice-l10n-it
libreoffice-help-it
libreoffice-l10n-nl
libreoffice-help-nl
libreoffice-l10n-ro
libreoffice-l10n-zh_CN
libreoffice-help-zh_CN
libreoffice-l10n-zh_TW
libreoffice-help-zh_TW
