# basic includes file lists
%include .///omdv_core.lst
%include .///omdv_iso_minimal.lst
%include .///omdv_control.lst
%include .///omdv_drivers.lst
%include .///omdv_ppp.lst
%include .///omdv_utils.lst

# more includes lists for common sets that are not task/meta pkgs
# Optional now that Falkon is Great Again -- .///omdv_firefox.lst
%include .///omdv_fonts.lst
%include .///omdv_gstreamer.lst
%include .///omdv_krita.lst
%include .///omdv_libreoffice.lst
%include .///omdv_locales.lst
%include .///omdv_man-pages.lst
%include .///omdv_myspell.lst
# include .///omdv_vlc.lst
%include .///omdv_smplayer.lst
%include .///omdv_pulseaudio.lst
%include .///omdv_task-plasma.lst

# Bits from omdv_iso (as opposed to omdv_iso_minimal) that we want...
alsa-plugins
alsa-plugins-pulseaudio
alsa-utils
bootsplash #iso
calamares #min-iso
distro-theme-OpenMandriva
distro-theme-OpenMandriva-screensaver #iso
dosfstools
eject
ufw
nx-firewall
indexhtml
info #iso
info-install #iso
inxi
isomd5sum #iso
iso-codes #iso
irqbalance
hwdata
libxdg-basedir #iso
lsof #iso
lm_sensors #iso
mailcap #iso
man-db
monitor-edid #iso
memtest86+
mkxauth #iso
mlocate #iso
mtools #iso
ntfs-3g
ntfs-3g-system-compression
os-prober
plymouth-system-theme
python-curl
rtkit #iso
sharutils #iso
sound-theme-freedesktop #iso
sudo
task-x11
testdisk
tmpwatch #iso
tuned
upower #iso
usbmuxd #iso
urw-fonts
uuidd
vbetool #iso
wget
whois #iso
x11-driver-input-vmmouse #iso
x11-driver-video-vboxvideo #iso
virtualbox-guest-additions #Shared clipboard and files
x11-data-bitmaps
x11-driver-input-evdev
x11-driver-input-synaptics
x11-driver-video
xdg-compliance #iso
xdg-user-dirs #iso
xdg-user-dirs-gtk #iso
xdg-utils #iso
xfsprogs
xrandr
zip
unzip

# install for Live only
# and remove with calamares cleaner
kpat
# Desktop Specifics

phonon4qt5-gstreamer
rosa-imagewriter
quick-usb-formatter
# digikam and kipi-plugins
kipi-plugins-advancedslideshow
kipi-plugins-calendar
kipi-plugins-dropbox
# kipi-plugins-expoblending  disable it as it needs wxgtk3.0
kipi-plugins-facebook
kipi-plugins-flashexport
kipi-plugins-flickr
kipi-plugins-googleservices
kipi-plugins-imageshack
kipi-plugins-imageviewer
kipi-plugins-imgurexport
kipi-plugins-kmlexport
# kipi-plugins-panorama disable it as it needs wxgtk3.0
kipi-plugins-piwigoexport
kipi-plugins-printimages
kipi-plugins-rajceexport
kipi-plugins-remotestorage
kipi-plugins-sendimages
kipi-plugins-smug
kipi-plugins-yandexfotki
showfoto

task-printing
# printing
task-printing-scanning
system-config-printer-gui #printer
epson-inkjet-printer-escpr

## (crazy) hmm .. this need move away from here
x11-font-cyrillic
x11-tools
x11-docs
x11-font-type1
x11-font-misc
x11-data-cursor-themes
edidbins

# MD this entire list should be shuffled or justified to be needed for the full ISO

avahi #service
# FIXME: add something like https://github.com/nomad-desktop/nomad-firewall

# Miscelaneous Packages
enchant
ffmpeg
jasper
nss
nss_ldap
nss_mdns
nss_wins
openssl
pam_ldap
poppler-data
sasl-plug-gssapi

# special featured software
oma-welcome
om-feeling-like
om-update-config
om-repo-picker
om-control-center
om-wallpapers-extra
om-user-manager
om-mirror-selector
# oma-welcome got broken deps
oxygen-icons 

#packagekit
packagekit-gstreamer-plugin
packagekit-command-not-found
discover
discover-backend-kns
discover-backend-packagekit
discover-notifier

# educational software
gcompris-qt
minuet
parley
kcalc
kalzium
klettres
artikulate
blinken
cantor
kalgebra
kanagram
kbruch
kgeography
khangman
kig
kiten
kmplot
kstars
ktouch
kturtle
kwordquiz
labplot
rocs
step
tuxpaint

# Software useful in some school subjects
musescore
marble
krita
white_dune
blender

# Some kids may want to learn programming...
clang
stdc++-devel
qt5-designer
qt-creator
cmake(Qt5Widgets)
make
cmake
ninja
rpm-build

# students tend to love messengers...
telegram-desktop
quaternion

# let's give kids something to play with too
extremetuxracer
kreversi
khangman
kbounce
kbreakout

# Let's try to be compatible with some legacy stuff...
#wine
