## taken from spec file
#Name:		task-x11
#Version:	2015.0
#Release:	12
#Summary:	Metapackage for X.org X11
#Group:		System/X11
#License:	GPL
#Requires:	xauth
#Requires:	iceauth
#Requires:	rgb
#Requires:	x11-data-cursor-themes
#Requires:	xhost
#Suggests:	x11-driver-video
#Suggests:	x11-driver-input
#Requires:	x11-font-misc-misc
#Requires:	x11-font-cursor-misc
#Suggests:	fonts-ttf-dejavu
#Suggests:	fonts-ttf-liberation
#Requires:	x11-font-alias
#Requires:	setxkbmap
#Requires:	x11-server-xorg
#Requires:	x11-server-xwayland
#Requires:	xinit
#Requires:	dri-drivers
# for debugging multimedia keyboard inet(common) (cf x11-data-xkbdata):
#Suggests:	xev
# needed for locales cache
#Requires:	x11-compose-cache

xauth  
iceauth
rgb
x11-data-cursor-themes
xhost
x11-driver-video
x11-driver-input
x11-font-misc-misc
x11-font-cursor-misc
fonts-ttf-dejavu 
fonts-ttf-liberation
x11-font-alias
setxkbmap
x11-server-xorg  
x11-server-xwayland
xinit
dri-drivers
x11-compose-cache
