# Basic includes file lists
%include .///pk-core.lst
%include .///pk-iso.lst
%include .///pk-control.lst
%include .///pk-drivers.lst
%include .///pk-ppp.lst
%include .///pk-utils.lst

# More includes lists for common sets that are not task/meta pkgs
%include .///pk-fonts.lst
%include .///pk-gstreamer.lst
%include .///pk-locales.lst
%include .///pk-man-pages.lst
%include .///pk-myspell.lst
%include .///pk-pulseaudio.lst
#%include .///pk-libreoffice.lst
#%include .///pk-player.lst
#%include .///pk-vlc.lst

# FIX replace task-plasma6 with pk-plasma6.lst
#task-plasma6
%include .///pk-plasma6.lst

# Miscelaneous Packages
avahi #service
#chromium
#chromium-qt6
helium
helium-qt6
edidbins
enchant
ffmpeg
jasper
nss
nss_ldap
nss_mdns
openssl
pam_ldap
poppler-data
sasl-plug-gssapi

x11-data-cursor-themes
x11-docs
x11-font-misc
x11-font-type1
x11-tools

# OM special featured software
om-welcome
om-mirror-selector
om-repo-picker
dnfdrake
