%include .///pk-task-x11.lst
%include .///pk-pulseaudio.lst

ark
baloo5
breeze
breeze-icons
dbus-x11
distro-release-desktop
dolphin
kio-fuse
frameworkintegration
#kate
kdeclarative
kde-cli-tools
kded
kde-gtk-config
kdeplasma-addons
khotkeys
#kinfocenter
kinit
kio-extras
kmenuedit
konsole
kscreen5
kscreenlocker
kservice
ksshaskpass
#plasma-systemmonitor
kwalletmanager
kwin-x11
kwrited
libproxy-kde
libproxy-networkmanager
milou
#oxygen-sounds
sound-theme-ocean
phonon4qt5-mpv
phonon4qt6-mpv
pinentry-qt5
#plasma-browser-integration
plasma-desktop
plasma-framework
plasma-integration
plasma-nm
plasma-pa
#plasma-vault
plasma-workspace
plasma-workspace-x11
polkit-kde-agent-1
powerdevil
solid
udisks
systemsettings
xdg-desktop-portal-kde
xsettingsd
