# basic includes file lists
%include .///pk-core.lst
%include .///pk-iso.lst
%include .///pk-control.lst
%include .///pk-drivers.lst
%include .///pk-ppp.lst
%include .///pk-utils.lst

# more includes lists for common sets that are not task/meta pkgs
%include .///pk-fonts.lst
%include .///pk-locales.lst
%include .///pk-pulseaudio.lst

# Desktop Specifics
icewm
xdm

# Needed Task/Meta Packages
task-pulseaudio

x11-font-cyrillic
# keep to check
x11-server-xorg
x11-server-xwayland
x11-compose-cache
x11-tools
#x11-docs
x11-font-type1
x11-font-misc
x11-data-cursor-themes
edidbins

avahi #service
networkmanager-applet
