libreoffice-calc
libreoffice-common
libreoffice-draw
libreoffice-impress
libreoffice-math
libreoffice-writer
libreoffice-kde5
libreoffice-style-breeze
libreoffice-style-breeze_dark
#
libreoffice-help-en_GB
libreoffice-help-en_US
libreoffice-l10n-en_GB
#libreoffice-help-es
#libreoffice-help-fr
#libreoffice-help-it
#libreoffice-help-nb
#libreoffice-help-nl
#libreoffice-help-nn
#libreoffice-help-pl
#libreoffice-help-pt_BR
#libreoffice-help-ru
#libreoffice-help-ru
#libreoffice-l10n-de
#libreoffice-l10n-es
#libreoffice-l10n-fr
#libreoffice-l10n-it
#libreoffice-l10n-nb
#libreoffice-l10n-nl
#libreoffice-l10n-nn
#libreoffice-l10n-pl
#libreoffice-l10n-pt_BR
#libreoffice-l10n-ro
#libreoffice-l10n-ru
