# basic includes file lists
%include .///omdv_core.lst
%include .///omdv_iso.lst
%include .///omdv_control.lst
%include .///omdv_drivers.lst
%include .///omdv_ppp.lst
%include .///omdv_utils.lst

# more includes lists for common sets that are not task/meta pkgs
# include .///omdv_firefox.lst
%include .///omdv_fonts.lst
#%include .///omdv_gstreamer.lst
# include .///omdv_libreoffice.lst
%include .///omdv_locales.lst
#%include .///omdv_man-pages.lst
%include .///omdv_pulseaudio.lst
# include .///omdv_vlc.lst

# Desktop Specifics
task-gnome
task-gnome-minimal
accountsservice
adwaita-icon-theme
gnome-desktop
gnome-backgrounds
gnome-control-center
gnome-menus
gnome-panel
gnome-power-manager
gnome-keyring
gnome-screenshot
gnome-shell
gnome-system-monitor
gnome-terminal
gnome-themes-standard
nautilus
networkmanager
task-pulseaudio
yelp
task-x11
task-pulseaudio

cheese
eog
evince
file-roller
gnome-calculator
gedit
gdm
gnome-color-manager
gnome-disk-utility
gnome-packagekit
#gnome-software
gnome-terminal-nautilus

empathy
epiphany
gnome-games
#rhythmbox
totem

simple-scan
shotwell
sushi
vino
vinagre
polari

gnome-maps
gnome-music
gnome-photos

bijiben
gnome-characters
gnome-clocks
gnome-builder
gnome-dictionary
gnome-documents
gnome-font-viewer
gnome-sound-recorder
gnome-usage
gnome-weather
baobab
gnome-system-log
gnome-search-tool
gnome-commander
gnome-calendar

gucharmap
mousetweaks

# biz / office / utils
brasero
caribou
caribou-gtk3
evolution
gnome-contacts
gparted
gthumb
gimp
inkscape

# Needed Task/Meta Packages
task-pulseaudio

#task-printing
# printing
#task-printing-scanning
#system-config-printer-gui #printer

x11-font-cyrillic
# keep to check
x11-server-xorg
x11-tools
#x11-docs
x11-font-type1
x11-font-misc
x11-data-cursor-themes
edidbins

# MD this entire list should be shuffled or justified to be needed for the full ISO

avahi #service
#firewall-applet #service
networkmanager-applet

atk1.0-common #gtk dep
canberra-gtk #gtk dep
gamin #gtk dep
GConf2 #gtk dep
gtk2-modules #gtk dep
#gtk-xfce-engine
gvfs
gvfs-archive #gtk dep
gvfs-fuse #gtk dep
gvfs-gphoto2 #gtk dep
gvfs-smb #gtk dep
#ia_ora-gnome #gtk dep
pango #gtk dep

# Support for talking to wrongPhone/wrongPad
#usbmuxd

# Miscelaneous Packages
#enchant
#ffmpeg
#jasper
#nss
#nss_ldap
#nss_mdns
#nss_wins
#openssl
#pam_ldap
#poppler-data
#sasl-plug-gssapi
sddm

#openssh-server #server
#samba-server #server

#python deps?
#python-ldap
#python-notify
#python-OpenSSL
#python-pycrypto
#python-sip
#pyxdg

# special featured software
#oma-welcome
om-repo-picker
om-control-center
om-wallpapers-extra
