# basic includes file lists
%include .///omdv_core.lst
%include .///omdv_control.lst
%include .///omdv_drivers.lst
%include .///omdv_ppp.lst
%include .///omdv_iso_minimal.lst

# more includes lists for common sets that are not task/meta pkgs
%include .///omdv_fonts.lst
%include .///omdv_gstreamer.lst
%include .///omdv_locales.lst
%include .///omdv_man-pages.lst
%include .///omdv_pulseaudio.lst

# Desktop Specifics
calamares
sway
swaylock
swayidle
waybar
ranger
firefox
fonts-ttf-awesome

# Needed Task/Meta Packages
task-pulseaudio
x11-font-cyrillic
edidbins
sddm

## Needed Task/Meta Packages
#x11-font-cyrillic
## keep to check
#x11-server-xorg
#x11-server-xwayland
#x11-compose-cache
#x11-tools
##x11-docs
#x11-font-type1
#x11-font-misc
#x11-data-cursor-themes

# tools
openssl
openssh-server
alsa-plugins
alsa-plugins-pulseaudio
alsa-utils
dosfstools
ufw
hfsutils
ntfsprogs
monitor-edid
tuned
wget
uuidd
whois
sudo
reiserfsprogs
bash-completion
gnupg
